microscopemaster/build/outputs/logs/manifest-merger-internal-release-report.txt
-- Merging decision tree log ---
manifest
ADDED from src\main\AndroidManifest.xml:2:1-413:12
	package
		ADDED from src\main\AndroidManifest.xml:3:5-26
		INJECTED from src\main\AndroidManifest.xml
		INJECTED from src\main\AndroidManifest.xml
	android:versionName
		ADDED from src\main\AndroidManifest.xml:4:5-30
		INJECTED from src\main\AndroidManifest.xml
		INJECTED from src\main\AndroidManifest.xml
	xmlns:android
		ADDED from src\main\AndroidManifest.xml:2:11-69
	android:versionCode
		INJECTED from src\main\AndroidManifest.xml
		INJECTED from src\main\AndroidManifest.xml
uses-sdk
ADDED from src\main\AndroidManifest.xml:5:5-7:40
MERGED from [com.android.support:multidex:1.0.1] AndroidManifest.xml:18:5-42
MERGED from [com.github.orhanobut:hawk:1.21] AndroidManifest.xml:6:5-8:41
MERGED from [MicroscopeMaster:openCVLibrary310:unspecified] AndroidManifest.xml:7:5-9:41
MERGED from [com.tencent.bugly:crashreport:2.8.6.0] AndroidManifest.xml:5:5-7:41
MERGED from [com.android.support:appcompat-v7:22.2.1] AndroidManifest.xml:20:5-43
MERGED from [com.android.support:cardview-v7:22.2.1] AndroidManifest.xml:20:5-43
MERGED from [com.android.support:palette-v7:22.2.1] AndroidManifest.xml:20:5-43
MERGED from [com.android.support:recyclerview-v7:22.2.1] AndroidManifest.xml:20:5-43
MERGED from [com.android.support:percent:22.2.0] AndroidManifest.xml:20:5-43
MERGED from [com.koushikdutta.ion:ion:2.2.1] AndroidManifest.xml:7:5-9:41
MERGED from [com.koushikdutta.async:androidasync:2.2.1] AndroidManifest.xml:7:5-9:41
MERGED from [com.facebook.fresco:fresco:0.8.0] AndroidManifest.xml:5:5-7:41
MERGED from [com.facebook.fresco:drawee:0.8.0] AndroidManifest.xml:5:5-7:41
MERGED from [com.facebook.fresco:imagepipeline:0.8.0] AndroidManifest.xml:5:5-7:41
MERGED from [com.facebook.fresco:fbcore:0.8.0] AndroidManifest.xml:5:5-7:41
MERGED from [com.google.android.gms:play-services-appindexing:8.4.0] AndroidManifest.xml:18:5-42
MERGED from [com.google.android.gms:play-services-base:8.4.0] AndroidManifest.xml:18:5-42
MERGED from [com.google.android.gms:play-services-basement:8.4.0] AndroidManifest.xml:18:5-42
MERGED from [MicroscopeMaster:vitamio:unspecified] AndroidManifest.xml:7:5-9:41
MERGED from [cn.leancloud.android:avoscloud-push:v4.4.4] AndroidManifest.xml:7:5-9:41
MERGED from [com.android.support:support-v4:23.0.0] AndroidManifest.xml:20:5-43
MERGED from [cn.leancloud.android:avoscloud-feedback:v4.4.4] AndroidManifest.xml:7:5-9:41
MERGED from [cn.leancloud.android:avoscloud-search:v4.4.4] AndroidManifest.xml:7:5-9:41
MERGED from [com.squareup.leakcanary:leakcanary-android-no-op:1.5] AndroidManifest.xml:20:5-22:41
	android:targetSdkVersion
		ADDED from src\main\AndroidManifest.xml:7:9-38
		INJECTED from src\main\AndroidManifest.xml
		INJECTED from src\main\AndroidManifest.xml
	android:minSdkVersion
		ADDED from src\main\AndroidManifest.xml:6:9-35
		INJECTED from src\main\AndroidManifest.xml
		INJECTED from src\main\AndroidManifest.xml
supports-screens
ADDED from src\main\AndroidManifest.xml:9:5-15:39
	android:largeScreens
		ADDED from src\main\AndroidManifest.xml:11:9-36
	android:smallScreens
		ADDED from src\main\AndroidManifest.xml:14:9-36
	android:normalScreens
		ADDED from src\main\AndroidManifest.xml:12:9-37
	android:xlargeScreens
		ADDED from src\main\AndroidManifest.xml:15:9-37
	android:resizeable
		ADDED from src\main\AndroidManifest.xml:13:9-34
	android:anyDensity
		ADDED from src\main\AndroidManifest.xml:10:9-34
uses-permission#android.permission.WRITE_EXTERNAL_STORAGE
ADDED from src\main\AndroidManifest.xml:17:5-81
	android:name
		ADDED from src\main\AndroidManifest.xml:17:22-78
uses-permission#android.permission.WAKE_LOCK
ADDED from src\main\AndroidManifest.xml:18:5-67
MERGED from [MicroscopeMaster:vitamio:unspecified] AndroidManifest.xml:11:5-68
	android:name
		ADDED from src\main\AndroidManifest.xml:18:22-65
uses-permission#android.permission.ACCESS_NETWORK_STATE
ADDED from src\main\AndroidManifest.xml:19:5-78
MERGED from [MicroscopeMaster:vitamio:unspecified] AndroidManifest.xml:13:5-79
	android:name
		ADDED from src\main\AndroidManifest.xml:19:22-76
uses-permission#android.permission.SET_TIME_ZONE
ADDED from src\main\AndroidManifest.xml:20:5-72
	android:name
		ADDED from src\main\AndroidManifest.xml:20:22-69
uses-permissio
ADDED from src\main\AndroidManifest.xml:23:5-82
	android:name
		ADDED from src\main\AndroidManifest.xml:23:21-80
uses-feature#android.hardware.usb.host
ADDED from src\main\AndroidManifest.xml:26:5-62
	android:name
		ADDED from src\main\AndroidManifest.xml:26:19-59
uses-permission#android.permission.CLEAR_APP_CACHE
ADDED from src\main\AndroidManifest.xml:28:5-74
	android:name
		ADDED from src\main\AndroidManifest.xml:28:22-71
uses-permission#android.permission.RECEIVE_BOOT_COMPLETED
ADDED from src\main\AndroidManifest.xml:30:5-80
	android:name
		ADDED from src\main\AndroidManifest.xml:30:22-78
uses-permission#android.permission.KILL_BACKGROUND_PROCESSES
ADDED from src\main\AndroidManifest.xml:31:5-83
	android:name
		ADDED from src\main\AndroidManifest.xml:31:22-81
uses-permission#android.permission.RESTART_PACKAGES
ADDED from src\main\AndroidManifest.xml:32:5-74
	android:name
		ADDED from src\main\AndroidManifest.xml:32:22-72
uses-permission#android.permission.ACCESS_WIFI_STATE
ADDED from src\main\AndroidManifest.xml:34:5-76
	android:name
		ADDED from src\main\AndroidManifest.xml:34:22-73
uses-permission#android.permission.CHANGE_WIFI_STATE
ADDED from src\main\AndroidManifest.xml:35:5-76
	android:name
		ADDED from src\main\AndroidManifest.xml:35:22-73
uses-permission#android.permission.CHANGE_NETWORK_STATE
ADDED from src\main\AndroidManifest.xml:36:5-79
	android:name
		ADDED from src\main\AndroidManifest.xml:36:22-76
uses-permission#android.permission.INTERNET
ADDED from src\main\AndroidManifest.xml:37:5-67
MERGED from [com.koushikdutta.ion:ion:2.2.1] AndroidManifest.xml:11:5-67
MERGED from [com.koushikdutta.async:androidasync:2.2.1] AndroidManifest.xml:11:5-67
MERGED from [MicroscopeMaster:vitamio:unspecified] AndroidManifest.xml:12:5-67
	android:name
		ADDED from src\main\AndroidManifest.xml:37:22-64
uses-permission#android.permission.READ_PHONE_STATE
ADDED from src\main\AndroidManifest.xml:39:5-75
	android:name
		ADDED from src\main\AndroidManifest.xml:39:22-72
uses-permission#android.permission.READ_EXTERNAL_STORAGE
ADDED from src\main\AndroidManifest.xml:41:5-80
	android:name
		ADDED from src\main\AndroidManifest.xml:41:22-77
uses-permission#android.permission.BLUETOOTH
ADDED from src\main\AndroidManifest.xml:43:5-67
	android:name
		ADDED from src\main\AndroidManifest.xml:43:22-65
uses-permission#android.permission.BLUETOOTH_ADMIN
ADDED from src\main\AndroidManifest.xml:44:5-73
	android:name
		ADDED from src\main\AndroidManifest.xml:44:22-71
uses-permission#android.permission.RECORD_AUDIO
ADDED from src\main\AndroidManifest.xml:45:5-70
	android:name
		ADDED from src\main\AndroidManifest.xml:45:22-68
uses-permission#android.permission.VIBRATE
ADDED from src\main\AndroidManifest.xml:51:5-65
	android:name
		ADDED from src\main\AndroidManifest.xml:51:22-63
uses-permission#android.permission.ACCESS_SUPERUSER
ADDED from src\main\AndroidManifest.xml:52:5-74
	android:name
		ADDED from src\main\AndroidManifest.xml:52:22-72
uses-permission#android.permission.WRITE_USER_DICTIONARY
ADDED from src\main\AndroidManifest.xml:54:5-79
	android:name
		ADDED from src\main\AndroidManifest.xml:54:22-77
uses-permission#android.permission.MOUNT_UNMOUNT_FILESYSTEMS
ADDED from src\main\AndroidManifest.xml:55:5-83
	android:name
		ADDED from src\main\AndroidManifest.xml:55:22-81
uses-permission#android.permission.WRITE_MEDIA_STORAGE
ADDED from src\main\AndroidManifest.xml:57:5-77
	android:name
		ADDED from src\main\AndroidManifest.xml:57:22-75
uses-permission#android.permission.REBOOT
ADDED from src\main\AndroidManifest.xml:58:5-64
	android:name
		ADDED from src\main\AndroidManifest.xml:58:22-62
uses-permission#android.permission.READ_LOGS
ADDED from src\main\AndroidManifest.xml:59:5-67
	android:name
		ADDED from src\main\AndroidManifest.xml:59:22-65
uses-permission#android.permission.DISABLE_KEYGUARD
ADDED from src\main\AndroidManifest.xml:60:5-74
	android:name
		ADDED from src\main\AndroidManifest.xml:60:22-72
uses-permission#android.permission.DEVICE_POWER
ADDED from src\main\AndroidManifest.xml:62:5-70
	android:name
		ADDED from src\main\AndroidManifest.xml:62:22-68
uses-permission#android.permission.WRITE_SETTINGS
ADDED from src\main\AndroidManifest.xml:66:5-72
	android:name
		ADDED from src\main\AndroidManifest.xml:66:22-70
uses-permission#android.permission.CAMERA
ADDED from src\main\AndroidManifest.xml:68:5-64
	android:name
		ADDED from src\main\AndroidManifest.xml:68:22-62
uses-permission#android.permission.SYSTEM_ALERT_WINDOW
ADDED from src\main\AndroidManifest.xml:69:5-77
	android:name
		ADDED from src\main\AndroidManifest.xml:69:22-75
uses-permission#android.permission.BATTERY_CHANGED
ADDED from src\main\AndroidManifest.xml:71:5-73
	android:name
		ADDED from src\main\AndroidManifest.xml:71:22-71
uses-permission#android.permission.GET_TASKS
ADDED from src\main\AndroidManifest.xml:72:5-67
	android:name
		ADDED from src\main\AndroidManifest.xml:72:22-65
uses-feature#0x00020000
ADDED from src\main\AndroidManifest.xml:75:5-77:34
	android:glEsVersion
		ADDED from src\main\AndroidManifest.xml:76:9-41
	android:required
		ADDED from src\main\AndroidManifest.xml:77:9-32
uses-feature#android.hardware.bluetooth
ADDED from src\main\AndroidManifest.xml:79:5-81:35
	android:required
		ADDED from src\main\AndroidManifest.xml:81:9-33
	android:name
		ADDED from src\main\AndroidManifest.xml:80:9-50
uses-feature#android.hardware.touchscreen
ADDED from src\main\AndroidManifest.xml:83:5-85:35
	android:required
		ADDED from src\main\AndroidManifest.xml:85:9-33
	android:name
		ADDED from src\main\AndroidManifest.xml:84:9-52
uses-feature#android.hardware.wifi
ADDED from src\main\AndroidManifest.xml:87:5-89:35
	android:required
		ADDED from src\main\AndroidManifest.xml:89:9-33
	android:name
		ADDED from src\main\AndroidManifest.xml:88:9-45
uses-feature#android.software.leanback
ADDED from src\main\AndroidManifest.xml:91:5-93:35
	android:required
		ADDED from src\main\AndroidManifest.xml:93:9-33
	android:name
		ADDED from src\main\AndroidManifest.xml:92:9-49
uses-feature#android.hardware.screen.portrait
ADDED from src\main\AndroidManifest.xml:95:5-97:35
	android:required
		ADDED from src\main\AndroidManifest.xml:97:9-33
	android:name
		ADDED from src\main\AndroidManifest.xml:96:9-56
application
ADDED from src\main\AndroidManifest.xml:103:5-411:19
MERGED from [com.github.orhanobut:hawk:1.21] AndroidManifest.xml:10:5-20
MERGED from [com.android.support:appcompat-v7:22.2.1] AndroidManifest.xml:22:5-20
MERGED from [com.android.support:cardview-v7:22.2.1] AndroidManifest.xml:22:5-20
MERGED from [com.android.support:palette-v7:22.2.1] AndroidManifest.xml:22:5-23:19
MERGED from [com.android.support:percent:22.2.0] AndroidManifest.xml:22:5-20
MERGED from [com.koushikdutta.ion:ion:2.2.1] AndroidManifest.xml:13:5-14:19
MERGED from [com.koushikdutta.async:androidasync:2.2.1] AndroidManifest.xml:13:5-14:19
MERGED from [com.google.android.gms:play-services-appindexing:8.4.0] AndroidManifest.xml:19:5-20
MERGED from [com.google.android.gms:play-services-basement:8.4.0] AndroidManifest.xml:20:5-24:19
MERGED from [MicroscopeMaster:vitamio:unspecified] AndroidManifest.xml:15:5-22:19
MERGED from [com.android.support:support-v4:23.0.0] AndroidManifest.xml:22:5-20
MERGED from [cn.leancloud.android:avoscloud-search:v4.4.4] AndroidManifest.xml:11:5-14:19
	android:label
		ADDED from src\main\AndroidManifest.xml:108:9-41
	android:supportsRtl
		ADDED from src\main\AndroidManifest.xml:110:9-35
	android:hardwareAccelerated
		ADDED from src\main\AndroidManifest.xml:106:9-44
	android:allowBackup
		ADDED from src\main\AndroidManifest.xml:105:9-35
	android:icon
		ADDED from src\main\AndroidManifest.xml:107:9-60
	android:largeHeap
		ADDED from src\main\AndroidManifest.xml:109:9-33
	android:persistent
		ADDED from src\main\AndroidManifest.xml:111:9-34
	android:theme
		ADDED from src\main\AndroidManifest.xml:112:9-40
	android:name
		ADDED from src\main\AndroidManifest.xml:104:9-70
meta-data#CHANNEL
ADDED from src\main\AndroidManifest.xml:115:9-117:47
	android:value
		ADDED from src\main\AndroidManifest.xml:117:13-45
		INJECTED from src\main\AndroidManifest.xml
	android:name
		ADDED from src\main\AndroidManifest.xml:116:13-35
receiver#com.yeespec.microscope.master.receiver.AdminReceiver
ADDED from src\main\AndroidManifest.xml:120:9-132:20
	android:label
		ADDED from src\main\AndroidManifest.xml:123:13-47
	android:permission
		ADDED from src\main\AndroidManifest.xml:124:13-70
	android:description
		ADDED from src\main\AndroidManifest.xml:122:13-54
	android:name
		ADDED from src\main\AndroidManifest.xml:121:13-69
meta-data#android.app.device_admin
ADDED from src\main\AndroidManifest.xml:125:13-127:54
	android:resource
		ADDED from src\main\AndroidManifest.xml:127:17-52
	android:name
		ADDED from src\main\AndroidManifest.xml:126:17-56
intent-filter#android.app.action.DEVICE_ADMIN_ENABLED
ADDED from src\main\AndroidManifest.xml:129:13-131:29
action#android.app.action.DEVICE_ADMIN_ENABLED
ADDED from src\main\AndroidManifest.xml:130:17-81
	android:name
		ADDED from src\main\AndroidManifest.xml:130:25-79
service#com.yeespec.libuvccamera.uvccamera.service.UVCService
ADDED from src\main\AndroidManifest.xml:137:9-148:19
	android:process
		ADDED from src\main\AndroidManifest.xml:140:13-50
	android:exported
		ADDED from src\main\AndroidManifest.xml:139:14-37
	android:name
		ADDED from src\main\AndroidManifest.xml:138:13-70
intent-filter#com.yeespec.libuvccamera.uvccamera.service.IUVCService+com.yeespec.libuvccamera.uvccamera.service.IUVCSlaveService
ADDED from src\main\AndroidManifest.xml:143:13-147:29
	android:priority
		ADDED from src\main\AndroidManifest.xml:144:17-40
action#com.yeespec.libuvccamera.uvccamera.service.IUVCService
ADDED from src\main\AndroidManifest.xml:145:17-96
	android:name
		ADDED from src\main\AndroidManifest.xml:145:25-94
action#com.yeespec.libuvccamera.uvccamera.service.IUVCSlaveService
ADDED from src\main\AndroidManifest.xml:146:17-101
	android:name
		ADDED from src\main\AndroidManifest.xml:146:25-99
service#com.yeespec.microscope.master.service.GuardService
ADDED from src\main\AndroidManifest.xml:149:9-156:19
	android:enabled
		ADDED from src\main\AndroidManifest.xml:151:13-35
	android:process
		ADDED from src\main\AndroidManifest.xml:153:13-37
	android:exported
		ADDED from src\main\AndroidManifest.xml:152:13-36
	android:name
		ADDED from src\main\AndroidManifest.xml:150:13-67
service#com.yeespec.microscope.master.service.MyIntentService
ADDED from src\main\AndroidManifest.xml:164:9-167:19
	android:exported
		ADDED from src\main\AndroidManifest.xml:166:13-37
	android:name
		ADDED from src\main\AndroidManifest.xml:165:13-70
service#com.yeespec.microscope.master.service.MasterIntentService
ADDED from src\main\AndroidManifest.xml:168:9-171:19
	android:exported
		ADDED from src\main\AndroidManifest.xml:170:13-37
	android:name
		ADDED from src\main\AndroidManifest.xml:169:13-74
activity#com.yeespec.microscope.master.activity.PhotoAlbumActivity
ADDED from src\main\AndroidManifest.xml:173:9-177:52
	android:screenOrientation
		ADDED from src\main\AndroidManifest.xml:177:13-50
	android:hardwareAccelerated
		ADDED from src\main\AndroidManifest.xml:176:13-48
	android:launchMode
		ADDED from src\main\AndroidManifest.xml:175:13-44
	android:name
		ADDED from src\main\AndroidManifest.xml:174:13-74
activity#com.yeespec.microscope.master.activity.SettingActivity
ADDED from src\main\AndroidManifest.xml:178:9-186:20
	android:screenOrientation
		ADDED from src\main\AndroidManifest.xml:182:13-50
	android:hardwareAccelerated
		ADDED from src\main\AndroidManifest.xml:181:13-48
	android:launchMode
		ADDED from src\main\AndroidManifest.xml:180:13-44
	android:name
		ADDED from src\main\AndroidManifest.xml:179:13-71
intent-filter#com.yeespec.action.STATUS_CHANGED
ADDED from src\main\AndroidManifest.xml:183:13-185:29
action#com.yeespec.action.STATUS_CHANGED
ADDED from src\main\AndroidManifest.xml:184:17-75
	android:name
		ADDED from src\main\AndroidManifest.xml:184:25-73
activity#com.yeespec.microscope.master.activity.OnePiexlActivity
ADDED from src\main\AndroidManifest.xml:187:9-193:20
	android:screenOrientation
		ADDED from src\main\AndroidManifest.xml:188:13-50
	android:hardwareAccelerated
		ADDED from src\main\AndroidManifest.xml:189:13-48
	android:theme
		ADDED from src\main\AndroidManifest.xml:190:13-52
	android:name
		ADDED from src\main\AndroidManifest.xml:187:19-78
activity#com.yeespec.microscope.master.activity.TestActivity
ADDED from src\main\AndroidManifest.xml:194:9-200:20
	android:screenOrientation
		ADDED from src\main\AndroidManifest.xml:198:13-50
	android:hardwareAccelerated
		ADDED from src\main\AndroidManifest.xml:197:13-48
	android:launchMode
		ADDED from src\main\AndroidManifest.xml:195:13-44
	android:exported
		ADDED from src\main\AndroidManifest.xml:196:13-36
	android:name
		ADDED from src\main\AndroidManifest.xml:194:19-74
activity#com.yeespec.microscope.master.activity.SplashActivity
ADDED from src\main\AndroidManifest.xml:202:9-234:20
	android:screenOrientation
		ADDED from src\main\AndroidManifest.xml:207:13-50
	android:hardwareAccelerated
		ADDED from src\main\AndroidManifest.xml:206:13-48
	android:launchMode
		ADDED from src\main\AndroidManifest.xml:205:13-48
	android:exported
		ADDED from src\main\AndroidManifest.xml:204:13-36
	android:name
		ADDED from src\main\AndroidManifest.xml:203:13-70
intent-filter#android.intent.action.MAIN+android.intent.category.LAUNCHER
ADDED from src\main\AndroidManifest.xml:208:13-214:29
action#android.intent.action.MAIN
ADDED from src\main\AndroidManifest.xml:209:17-68
	android:name
		ADDED from src\main\AndroidManifest.xml:209:25-66
category#android.intent.category.LAUNCHER
ADDED from src\main\AndroidManifest.xml:211:17-76
	android:name
		ADDED from src\main\AndroidManifest.xml:211:27-74
intent-filter#android.hardware.usb.action.USB_DEVICE_ATTACHED+android.intent.category.HOME
ADDED from src\main\AndroidManifest.xml:221:13-224:29
	android:priority
		ADDED from src\main\AndroidManifest.xml:221:28-51
action#android.hardware.usb.action.USB_DEVICE_ATTACHED
ADDED from src\main\AndroidManifest.xml:222:17-89
	android:name
		ADDED from src\main\AndroidManifest.xml:222:25-87
category#android.intent.category.HOME
ADDED from src\main\AndroidManifest.xml:223:17-73
	android:name
		ADDED from src\main\AndroidManifest.xml:223:27-70
meta-data#android.hardware.usb.action.USB_DEVICE_ATTACHED
ADDED from src\main\AndroidManifest.xml:226:13-228:56
	android:resource
		ADDED from src\main\AndroidManifest.xml:228:17-54
	android:name
		ADDED from src\main\AndroidManifest.xml:227:17-79
activity#com.yeespec.microscope.master.activity.YeeSpecActivity
ADDED from src\main\AndroidManifest.xml:237:9-243:20
	android:screenOrientation
		ADDED from src\main\AndroidManifest.xml:241:13-50
	android:hardwareAccelerated
		ADDED from src\main\AndroidManifest.xml:240:13-48
	android:launchMode
		ADDED from src\main\AndroidManifest.xml:238:13-44
	android:exported
		ADDED from src\main\AndroidManifest.xml:239:13-36
	android:name
		ADDED from src\main\AndroidManifest.xml:237:19-77
activity#com.yeespec.microscope.master.activity.MasterActivity
ADDED from src\main\AndroidManifest.xml:245:9-272:20
	android:screenOrientation
		ADDED from src\main\AndroidManifest.xml:250:13-50
	android:hardwareAccelerated
		ADDED from src\main\AndroidManifest.xml:249:13-48
	android:launchMode
		ADDED from src\main\AndroidManifest.xml:247:13-44
	android:exported
		ADDED from src\main\AndroidManifest.xml:248:13-36
	android:name
		ADDED from src\main\AndroidManifest.xml:246:13-70
activity#com.yeespec.microscope.master.activity.ImageActivity
ADDED from src\main\AndroidManifest.xml:273:9-277:52
	android:screenOrientation
		ADDED from src\main\AndroidManifest.xml:277:13-50
	android:hardwareAccelerated
		ADDED from src\main\AndroidManifest.xml:276:13-48
	android:launchMode
		ADDED from src\main\AndroidManifest.xml:275:13-44
	android:name
		ADDED from src\main\AndroidManifest.xml:274:13-69
activity#com.yeespec.microscope.master.activity.PlayVideoActvitity
ADDED from src\main\AndroidManifest.xml:284:9-287:52
	android:screenOrientation
		ADDED from src\main\AndroidManifest.xml:287:13-50
	android:hardwareAccelerated
		ADDED from src\main\AndroidManifest.xml:286:13-48
	android:launchMode
		ADDED from src\main\AndroidManifest.xml:285:13-44
	android:name
		ADDED from src\main\AndroidManifest.xml:284:19-80
activity#com.yeespec.microscope.master.activity.AboutActivity
ADDED from src\main\AndroidManifest.xml:288:9-292:52
	android:screenOrientation
		ADDED from src\main\AndroidManifest.xml:292:13-50
	android:hardwareAccelerated
		ADDED from src\main\AndroidManifest.xml:291:13-48
	android:launchMode
		ADDED from src\main\AndroidManifest.xml:290:13-44
	android:name
		ADDED from src\main\AndroidManifest.xml:289:13-69
activity#com.yeespec.microscope.master.activity.DeviceListActivity
ADDED from src\main\AndroidManifest.xml:293:9-315:20
	android:label
		ADDED from src\main\AndroidManifest.xml:295:13-45
	android:hardwareAccelerated
		ADDED from src\main\AndroidManifest.xml:297:13-48
	android:launchMode
		ADDED from src\main\AndroidManifest.xml:296:13-44
	android:theme
		ADDED from src\main\AndroidManifest.xml:298:13-77
	android:name
		ADDED from src\main\AndroidManifest.xml:294:13-74
activity#com.yeespec.microscope.master.activity.UsbSerialActivity
ADDED from src\main\AndroidManifest.xml:316:9-349:20
	android:screenOrientation
		ADDED from src\main\AndroidManifest.xml:321:13-50
	android:label
		ADDED from src\main\AndroidManifest.xml:318:13-45
	android:hardwareAccelerated
		ADDED from src\main\AndroidManifest.xml:320:13-48
	android:launchMode
		ADDED from src\main\AndroidManifest.xml:319:13-44
	android:name
		ADDED from src\main\AndroidManifest.xml:317:13-73
activity#com.yeespec.microscope.master.activity.PowerTestActivity
ADDED from src\main\AndroidManifest.xml:350:9-352:20
	android:hardwareAccelerated
		ADDED from src\main\AndroidManifest.xml:351:13-48
	android:name
		ADDED from src\main\AndroidManifest.xml:350:19-79
activity#com.yeespec.microscope.master.activity.RockerViewActivity
ADDED from src\main\AndroidManifest.xml:353:9-355:20
	android:hardwareAccelerated
		ADDED from src\main\AndroidManifest.xml:354:13-48
	android:name
		ADDED from src\main\AndroidManifest.xml:353:19-80
activity#com.yeespec.libuvccamera.bluetooth.BluetoothActivity
ADDED from src\main\AndroidManifest.xml:357:9-361:20
	android:hardwareAccelerated
		ADDED from src\main\AndroidManifest.xml:358:13-48
	android:name
		ADDED from src\main\AndroidManifest.xml:357:19-86
activity#com.yeespec.libuvccamera.bluetooth.DeviceActivity
ADDED from src\main\AndroidManifest.xml:362:9-365:20
	android:hardwareAccelerated
		ADDED from src\main\AndroidManifest.xml:363:13-48
	android:name
		ADDED from src\main\AndroidManifest.xml:362:19-83
activity#com.yeespec.libuvccamera.bluetooth.ChatActivity
ADDED from src\main\AndroidManifest.xml:366:9-369:20
	android:hardwareAccelerated
		ADDED from src\main\AndroidManifest.xml:367:13-48
	android:name
		ADDED from src\main\AndroidManifest.xml:366:19-81
receiver#com.yeespec.microscope.master.receiver.BootBroadcastReceiver
ADDED from src\main\AndroidManifest.xml:370:9-376:20
	android:name
		ADDED from src\main\AndroidManifest.xml:370:19-83
intent-filter#android.intent.action.BOOT_COMPLETED+android.intent.category.HOME
ADDED from src\main\AndroidManifest.xml:371:13-374:29
	android:priority
		ADDED from src\main\AndroidManifest.xml:371:28-51
action#android.intent.action.BOOT_COMPLETED
ADDED from src\main\AndroidManifest.xml:372:17-79
	android:name
		ADDED from src\main\AndroidManifest.xml:372:25-76
meta-data#com.google.android.gms.version
ADDED from src\main\AndroidManifest.xml:380:9-382:68
MERGED from [com.google.android.gms:play-services-basement:8.4.0] AndroidManifest.xml:21:9-23:69
	android:value
		ADDED from src\main\AndroidManifest.xml:382:13-66
	android:name
		ADDED from src\main\AndroidManifest.xml:381:13-58
service#com.avos.avoscloud.PushService
ADDED from src\main\AndroidManifest.xml:387:9-65
	android:name
		ADDED from src\main\AndroidManifest.xml:387:18-63
receiver#com.avos.avoscloud.AVBroadcastReceiver
ADDED from src\main\AndroidManifest.xml:388:9-394:20
	android:name
		ADDED from src\main\AndroidManifest.xml:388:19-72
intent-filter#android.intent.action.BOOT_COMPLETED+android.intent.action.USER_PRESENT+android.net.conn.CONNECTIVITY_CHANGE
ADDED from src\main\AndroidManifest.xml:389:13-393:29
action#android.intent.action.USER_PRESENT
ADDED from src\main\AndroidManifest.xml:391:17-76
	android:name
		ADDED from src\main\AndroidManifest.xml:391:25-74
action#android.net.conn.CONNECTIVITY_CHANGE
ADDED from src\main\AndroidManifest.xml:392:17-79
	android:name
		ADDED from src\main\AndroidManifest.xml:392:25-76
service#com.yeespec.microscope.utils.wifidirect.FileTransferService
ADDED from src\main\AndroidManifest.xml:397:9-399:38
	android:enabled
		ADDED from src\main\AndroidManifest.xml:399:13-35
	android:name
		ADDED from src\main\AndroidManifest.xml:398:13-76
service#com.yeespec.microscope.utils.wifidirect.DataTransferService
ADDED from src\main\AndroidManifest.xml:400:9-403:47
	android:enabled
		ADDED from src\main\AndroidManifest.xml:402:13-35
	android:exported
		ADDED from src\main\AndroidManifest.xml:403:13-36
	android:name
		ADDED from src\main\AndroidManifest.xml:401:13-76
receiver#com.yeespec.microscope.master.receiver.BluetoothConnectActivityReceiver
ADDED from src\main\AndroidManifest.xml:405:9-410:20
	android:name
		ADDED from src\main\AndroidManifest.xml:405:19-94
intent-filter#android.bluetooth.device.action.PAIRING_REQUEST
ADDED from src\main\AndroidManifest.xml:406:13-409:29
action#android.bluetooth.device.action.PAIRING_REQUEST
ADDED from src\main\AndroidManifest.xml:408:17-90
	android:name
		ADDED from src\main\AndroidManifest.xml:408:25-87
activity#io.vov.vitamio.activity.InitActivity
ADDED from [MicroscopeMaster:vitamio:unspecified] AndroidManifest.xml:16:9-21:63
	android:launchMode
		ADDED from [MicroscopeMaster:vitamio:unspecified] AndroidManifest.xml:19:13-43
	android:windowSoftInputMode
		ADDED from [MicroscopeMaster:vitamio:unspecified] AndroidManifest.xml:21:13-60
	android:configChanges
		ADDED from [MicroscopeMaster:vitamio:unspecified] AndroidManifest.xml:18:13-113
	android:theme
		ADDED from [MicroscopeMaster:vitamio:unspecified] AndroidManifest.xml:20:13-60
	android:name
		ADDED from [MicroscopeMaster:vitamio:unspecified] AndroidManifest.xml:17:13-64
activity#com.avos.avoscloud.search.SearchActivity
ADDED from [cn.leancloud.android:avoscloud-search:v4.4.4] AndroidManifest.xml:12:9-13:20
	android:name
		ADDED from [cn.leancloud.android:avoscloud-search:v4.4.4] AndroidManifest.xml:12:19-74